ASV_220_167bp_758028 ASV_226_167bp_769 ASV_229_167bp_423 ASV_237_167bp_356 ASV_241_167bp_193 ASV_242_167bp_169 ASV_245_167bp_103 ASV_247_167bp_66 ASV_250_167bp_58 ASV_259_167bp_58 ASV_253_167bp_47 ASV_254_167bp_45 ASV_255_167bp_42 ASV_257_167bp_41 ASV_258_167bp_41 ASV_262_167bp_34 ASV_263_167bp_33 ASV_265_167bp_31 ASV_267_167bp_27 ASV_270_167bp_24 ASV_273_167bp_22
ASV_221_167bp_730686 ASV_231_167bp_402 ASV_239_167bp_379 ASV_243_167bp_169 ASV_248_167bp_119 ASV_244_167bp_113 ASV_249_167bp_61 ASV_251_167bp_53 ASV_252_167bp_50 ASV_271_167bp_45 ASV_256_167bp_42 ASV_264_167bp_33 ASV_268_167bp_25 ASV_272_167bp_23 ASV_274_167bp_16
ASV_222_167bp_238487 ASV_232_167bp_399 ASV_234_167bp_372 ASV_236_167bp_344 ASV_240_167bp_199 ASV_246_167bp_76 ASV_266_167bp_30
ASV_223_167bp_217397 ASV_230_167bp_416 ASV_233_167bp_398 ASV_235_167bp_364 ASV_238_167bp_217 ASV_206_168bp_69 ASV_269_167bp_25
ASV_33_175bp_133025 ASV_36_175bp_462 ASV_37_175bp_367 ASV_40_175bp_288 ASV_43_175bp_274 ASV_44_175bp_268 ASV_46_175bp_138 ASV_48_175bp_114 ASV_50_175bp_104 ASV_55_175bp_63 ASV_56_175bp_41 ASV_57_175bp_40 ASV_58_175bp_26
ASV_34_175bp_129941 ASV_35_175bp_470 ASV_38_175bp_335 ASV_39_175bp_303 ASV_41_175bp_283 ASV_42_175bp_279 ASV_45_175bp_154 ASV_47_175bp_125 ASV_49_175bp_106 ASV_52_175bp_67 ASV_54_175bp_64 ASV_60_175bp_6 ASV_62_175bp_1
ASV_173_168bp_90611 ASV_175_168bp_58985 ASV_197_168bp_239 ASV_189_168bp_1057 ASV_191_168bp_767 ASV_199_168bp_209
ASV_174_168bp_89319 ASV_176_168bp_57759 ASV_198_168bp_233 ASV_212_168bp_19 ASV_190_168bp_1003 ASV_192_168bp_704 ASV_200_168bp_177 ASV_203_168bp_139
ASV_135_169bp_33066 ASV_146_169bp_157 ASV_153_169bp_44
ASV_136_169bp_32659 ASV_145_169bp_184 ASV_154_169bp_44 ASV_171_169bp_7
ASV_64_174bp_8662
ASV_63_174bp_8502
ASV_179_168bp_8009
ASV_180_168bp_7957
ASV_177_168bp_7292
ASV_178_168bp_6827 ASV_151_169bp_54
ASV_137_169bp_5877 ASV_143_169bp_211
ASV_138_169bp_5653 ASV_144_169bp_198
ASV_181_168bp_4228 ASV_193_168bp_450
ASV_139_169bp_4094 ASV_156_169bp_43
ASV_140_169bp_4066 ASV_149_169bp_95
ASV_182_168bp_3930 ASV_194_168bp_395
ASV_183_168bp_3778 ASV_209_168bp_50
ASV_184_168bp_3774 ASV_207_168bp_68 ASV_208_168bp_59
ASV_113_170bp_2913
ASV_114_170bp_2853
ASV_115_170bp_1962
ASV_86_172bp_1851 ASV_89_172bp_150
ASV_87_172bp_1794 ASV_88_172bp_165
ASV_185_168bp_1729
ASV_116_170bp_1706
ASV_186_168bp_1682
ASV_187_168bp_1441
ASV_188_168bp_1398
ASV_101_171bp_1190 ASV_102_171bp_60 ASV_103_171bp_42 ASV_94_172bp_11
ASV_224_167bp_1189
ASV_100_171bp_1076 ASV_104_171bp_34 ASV_96_172bp_11
ASV_225_167bp_1073
ASV_117_170bp_955
ASV_118_170bp_930
ASV_119_170bp_800
ASV_120_170bp_790
ASV_195_168bp_688
ASV_196_168bp_652
ASV_227_167bp_527
ASV_228_167bp_516
ASV_121_170bp_514
ASV_122_170bp_498
ASV_141_169bp_430
ASV_142_169bp_399 ASV_125_170bp_47
ASV_123_170bp_178
ASV_124_170bp_171
ASV_201_168bp_155
ASV_147_169bp_139
ASV_202_168bp_139
ASV_148_169bp_123
ASV_204_168bp_87
ASV_65_174bp_86
ASV_205_168bp_81
ASV_51_175bp_73
ASV_90_172bp_69
ASV_53_175bp_64
ASV_3_211bp_61
ASV_150_169bp_59
ASV_73_173bp_57 ASV_82_173bp_10
ASV_158_169bp_53
ASV_152_169bp_52
ASV_77_173bp_51 ASV_75_173bp_22
ASV_210_168bp_50
ASV_128_170bp_48
ASV_211_168bp_46
ASV_279_92bp_44
ASV_155_169bp_43
ASV_66_174bp_43 ASV_59_175bp_15 ASV_67_174bp_11
ASV_13_195bp_41
ASV_14_195bp_40
ASV_157_169bp_40
ASV_260_167bp_38
ASV_129_170bp_37
ASV_261_167bp_37
ASV_126_170bp_34
ASV_91_172bp_33
ASV_105_171bp_31
ASV_21_192bp_31
ASV_107_171bp_29
ASV_109_171bp_28 ASV_112_171bp_5
ASV_17_193bp_28
ASV_159_169bp_27
ASV_160_169bp_27
ASV_277_158bp_27
ASV_161_169bp_26
ASV_106_171bp_25
ASV_162_169bp_25
ASV_18_193bp_25
ASV_74_173bp_25
ASV_130_170bp_24
ASV_163_169bp_23
ASV_92_172bp_23
ASV_93_172bp_23
ASV_9_199bp_23
ASV_127_170bp_22
ASV_164_169bp_21
ASV_22_192bp_21
ASV_23_191bp_21
ASV_79_173bp_21
ASV_108_171bp_20
ASV_165_169bp_20
ASV_166_169bp_19
ASV_213_168bp_18
ASV_26_189bp_17
ASV_27_189bp_17
ASV_76_173bp_17
ASV_110_171bp_16
ASV_20_193bp_16
ASV_78_173bp_16
ASV_10_197bp_15
ASV_19_193bp_15
ASV_7_200bp_15
ASV_30_180bp_14
ASV_131_170bp_13
ASV_80_173bp_13
ASV_132_170bp_12
ASV_167_169bp_12
ASV_1_234bp_12
ASV_4_208bp_12
ASV_6_202bp_12
ASV_168_169bp_11
ASV_28_181bp_11
ASV_81_173bp_11
ASV_95_172bp_11 ASV_97_172bp_6
ASV_169_169bp_10
ASV_214_168bp_10
ASV_11_197bp_9
ASV_25_190bp_9
ASV_170_169bp_8
ASV_29_181bp_8
ASV_68_174bp_8
ASV_84_173bp_8
ASV_8_200bp_8
ASV_111_171bp_7
ASV_133_170bp_7
ASV_5_207bp_7
ASV_69_174bp_7
ASV_15_194bp_6
ASV_70_174bp_6
ASV_71_174bp_6
ASV_83_173bp_6
ASV_16_194bp_5
ASV_172_169bp_5
ASV_24_191bp_5
ASV_98_172bp_5
ASV_278_122bp_4
ASV_12_196bp_3
ASV_134_170bp_3
ASV_215_168bp_3
ASV_276_160bp_3
ASV_31_180bp_3
ASV_61_175bp_3
ASV_72_174bp_3
ASV_99_172bp_3
ASV_216_168bp_2
ASV_217_168bp_2
ASV_280_86bp_2
ASV_2_223bp_2
ASV_32_180bp_2
ASV_85_173bp_2
ASV_218_168bp_1
ASV_219_168bp_1
ASV_275_167bp_1
